<?xml version="1.0" encoding="UTF-8" ?>
<testsuite failures="0" time="8.584" errors="0" skipped="0" tests="7" name="net.megx.wod05.RunCukesTest">
  <properties>
[...]
</properties>
  <testcase time="0.001" classname="Given the user is on WOD05 Extractor Page   " name="Given the user is on WOD05 Extractor Page   "/>
  <testcase time="0" classname="When he enters \&quot;21\&quot; as latitude    " name="When he enters \&quot;21\&quot; as latitude    "/>
  <testcase time="0" classname="And he enters \&quot;-67\&quot; as longitude     " name="And he enters \&quot;-67\&quot; as longitude     "/>
  <testcase time="0" classname="And he enters \&quot;3000\&quot; as depth      " name="And he enters \&quot;3000\&quot; as depth      "/>
  <testcase time="0" classname="And he submits request by clicking the Calculate button       " name="And he submits request by clicking the Calculate button       "/>
  <testcase time="0" classname="Then ensure the result is complete        " name="Then ensure the result is complete        "/>
  <testcase time="0.02" classname="Scenario: Valid input data with position and depth in ocean  " name="Scenario: Valid input data with position and depth in ocean  "/>
</testsuite>